2024-10-31T17:04:51.270Z  INFO 1 --- [main] s.a.simplecrud.SimplecrudApplication     : Starting SimplecrudApplication v0.0.1-SNAPSHOT using Java 17.0.2 with PID 1 (/app/app.jar started by root in /app)
2024-10-31T17:04:51.272Z  INFO 1 --- [main] s.a.simplecrud.SimplecrudApplication     : No active profile set, falling back to 1 default profile: "default"
2024-10-31T17:04:51.846Z  INFO 1 --- [main] .s.d.r.c.RepositoryConfigurationDelegate : Bootstrapping Spring Data JPA repositories in DEFAULT mode.
2024-10-31T17:04:51.870Z  INFO 1 --- [main] .s.d.r.c.RepositoryConfigurationDelegate : Finished Spring Data repository scanning in 20 ms. Found 1 JPA repository interfaces.
2024-10-31T17:04:52.144Z  INFO 1 --- [main] o.s.b.w.embedded.tomcat.TomcatWebServer  : Tomcat initialized with port(s): 8080 (http)
2024-10-31T17:04:52.153Z  INFO 1 --- [main] o.apache.catalina.core.StandardService   : Starting service [Tomcat]
2024-10-31T17:04:52.154Z  INFO 1 --- [main] o.apache.catalina.core.StandardEngine    : Starting Servlet engine: [Apache Tomcat/10.1.7]
2024-10-31T17:04:52.206Z  INFO 1 --- [main] o.a.c.c.C.[Tomcat].[localhost].[/]       : Initializing Spring embedded WebApplicationContext
2024-10-31T17:04:52.206Z  INFO 1 --- [main] w.s.c.ServletWebServerApplicationContext : Root WebApplicationContext: initialization completed in 907 ms
2024-10-31T17:04:52.277Z  INFO 1 --- [main] com.zaxxer.hikari.HikariDataSource       : HikariPool-1 - Starting...
2024-10-31T17:04:52.493Z  INFO 1 --- [main] com.zaxxer.hikari.pool.HikariPool        : HikariPool-1 - Added connection conn0: url=jdbc:h2:file:./productsDB user=SA
2024-10-31T17:04:52.495Z  INFO 1 --- [main] com.zaxxer.hikari.HikariDataSource       : HikariPool-1 - Start completed.
2024-10-31T17:04:52.511Z  INFO 1 --- [main] o.s.b.a.h2.H2ConsoleAutoConfiguration    : H2 console available at '/h2'. Database available at 'jdbc:h2:file:./productsDB'
2024-10-31T17:04:52.602Z  INFO 1 --- [main] o.hibernate.jpa.internal.util.LogHelper  : HHH000204: Processing PersistenceUnitInfo [name: default]
2024-10-31T17:04:52.632Z  INFO 1 --- [main] org.hibernate.Version                    : HHH000412: Hibernate ORM core version 6.1.7.Final
2024-10-31T17:04:52.796Z  INFO 1 --- [main] SQL dialect                              : HHH000400: Using dialect: org.hibernate.dialect.H2Dialect
2024-10-31T17:04:53.173Z  INFO 1 --- [main] o.h.e.t.j.p.i.JtaPlatformInitiator       : HHH000490: Using JtaPlatform implementation: [org.hibernate.engine.transaction.jta.platform.internal.NoJtaPlatform]
2024-10-31T17:04:53.178Z  INFO 1 --- [main] j.LocalContainerEntityManagerFactoryBean : Initialized JPA EntityManagerFactory for persistence unit 'default'
2024-10-31T17:04:53.713Z  INFO 1 --- [main] o.s.b.a.e.web.EndpointLinksResolver      : Exposing 3 endpoint(s) beneath base path '/actuator'
2024-10-31T17:04:53.759Z  INFO 1 --- [main] o.s.b.w.embedded.tomcat.TomcatWebServer  : Tomcat started on port(s): 8080 (http) with context path ''
2024-10-31T17:04:53.773Z  INFO 1 --- [main] s.a.simplecrud.SimplecrudApplication     : Started SimplecrudApplication in 2.779 seconds (process running for 3.072)
2024-10-31T17:05:00.613Z  INFO 1 --- [http-nio-8080-exec-1] o.a.c.c.C.[Tomcat].[localhost].[/]       : Initializing Spring DispatcherServlet 'dispatcherServlet'
2024-10-31T17:05:00.616Z  INFO 1 --- [http-nio-8080-exec-1] o.s.web.servlet.DispatcherServlet        : Initializing Servlet 'dispatcherServlet'
2024-10-31T17:05:00.623Z  INFO 1 --- [http-nio-8080-exec-1] o.s.web.servlet.DispatcherServlet        : Completed initialization in 6 ms
2024-10-31T17:05:41.872Z  INFO 1 --- [SpringApplicationShutdownHook] j.LocalContainerEntityManagerFactoryBean : Closing JPA EntityManagerFactory for persistence unit 'default'
2024-10-31T17:05:41.881Z  INFO 1 --- [SpringApplicationShutdownHook] com.zaxxer.hikari.HikariDataSource       : HikariPool-1 - Shutdown initiated...
2024-10-31T17:05:41.887Z  INFO 1 --- [SpringApplicationShutdownHook] com.zaxxer.hikari.HikariDataSource       : HikariPool-1 - Shutdown completed.
2024-10-31T17:07:57.709Z  INFO 1 --- [main] s.a.simplecrud.SimplecrudApplication     : Starting SimplecrudApplication v0.0.1-SNAPSHOT using Java 17.0.2 with PID 1 (/app/app.jar started by root in /app)
2024-10-31T17:07:57.710Z  INFO 1 --- [main] s.a.simplecrud.SimplecrudApplication     : No active profile set, falling back to 1 default profile: "default"
2024-10-31T17:07:58.367Z  INFO 1 --- [main] .s.d.r.c.RepositoryConfigurationDelegate : Bootstrapping Spring Data JPA repositories in DEFAULT mode.
2024-10-31T17:07:58.398Z  INFO 1 --- [main] .s.d.r.c.RepositoryConfigurationDelegate : Finished Spring Data repository scanning in 27 ms. Found 1 JPA repository interfaces.
2024-10-31T17:07:58.760Z  INFO 1 --- [main] o.s.b.w.embedded.tomcat.TomcatWebServer  : Tomcat initialized with port(s): 8080 (http)
2024-10-31T17:07:58.768Z  INFO 1 --- [main] o.apache.catalina.core.StandardService   : Starting service [Tomcat]
2024-10-31T17:07:58.768Z  INFO 1 --- [main] o.apache.catalina.core.StandardEngine    : Starting Servlet engine: [Apache Tomcat/10.1.7]
2024-10-31T17:07:58.828Z  INFO 1 --- [main] o.a.c.c.C.[Tomcat].[localhost].[/]       : Initializing Spring embedded WebApplicationContext
2024-10-31T17:07:58.828Z  INFO 1 --- [main] w.s.c.ServletWebServerApplicationContext : Root WebApplicationContext: initialization completed in 1089 ms
2024-10-31T17:07:58.885Z  INFO 1 --- [main] com.zaxxer.hikari.HikariDataSource       : HikariPool-1 - Starting...
2024-10-31T17:07:59.094Z  INFO 1 --- [main] com.zaxxer.hikari.pool.HikariPool        : HikariPool-1 - Added connection conn0: url=jdbc:h2:file:./productsDB user=SA
2024-10-31T17:07:59.095Z  INFO 1 --- [main] com.zaxxer.hikari.HikariDataSource       : HikariPool-1 - Start completed.
2024-10-31T17:07:59.102Z  INFO 1 --- [main] o.s.b.a.h2.H2ConsoleAutoConfiguration    : H2 console available at '/h2'. Database available at 'jdbc:h2:file:./productsDB'
2024-10-31T17:07:59.184Z  INFO 1 --- [main] o.hibernate.jpa.internal.util.LogHelper  : HHH000204: Processing PersistenceUnitInfo [name: default]
2024-10-31T17:07:59.228Z  INFO 1 --- [main] org.hibernate.Version                    : HHH000412: Hibernate ORM core version 6.1.7.Final
2024-10-31T17:07:59.426Z  INFO 1 --- [main] SQL dialect                              : HHH000400: Using dialect: org.hibernate.dialect.H2Dialect
2024-10-31T17:07:59.821Z  INFO 1 --- [main] o.h.e.t.j.p.i.JtaPlatformInitiator       : HHH000490: Using JtaPlatform implementation: [org.hibernate.engine.transaction.jta.platform.internal.NoJtaPlatform]
2024-10-31T17:07:59.827Z  INFO 1 --- [main] j.LocalContainerEntityManagerFactoryBean : Initialized JPA EntityManagerFactory for persistence unit 'default'
2024-10-31T17:08:00.778Z  INFO 1 --- [main] o.s.b.a.e.web.EndpointLinksResolver      : Exposing 3 endpoint(s) beneath base path '/actuator'
2024-10-31T17:08:00.847Z  INFO 1 --- [main] o.s.b.w.embedded.tomcat.TomcatWebServer  : Tomcat started on port(s): 8080 (http) with context path ''
2024-10-31T17:08:00.858Z  INFO 1 --- [main] s.a.simplecrud.SimplecrudApplication     : Started SimplecrudApplication in 3.452 seconds (process running for 3.781)
2024-10-31T17:08:09.864Z  INFO 1 --- [http-nio-8080-exec-1] o.a.c.c.C.[Tomcat].[localhost].[/]       : Initializing Spring DispatcherServlet 'dispatcherServlet'
2024-10-31T17:08:09.867Z  INFO 1 --- [http-nio-8080-exec-1] o.s.web.servlet.DispatcherServlet        : Initializing Servlet 'dispatcherServlet'
2024-10-31T17:08:09.874Z  INFO 1 --- [http-nio-8080-exec-1] o.s.web.servlet.DispatcherServlet        : Completed initialization in 7 ms
2024-10-31T17:19:08.172Z  INFO 1 --- [SpringApplicationShutdownHook] j.LocalContainerEntityManagerFactoryBean : Closing JPA EntityManagerFactory for persistence unit 'default'
2024-10-31T17:19:08.185Z  INFO 1 --- [SpringApplicationShutdownHook] com.zaxxer.hikari.HikariDataSource       : HikariPool-1 - Shutdown initiated...
2024-10-31T17:19:08.192Z  INFO 1 --- [SpringApplicationShutdownHook] com.zaxxer.hikari.HikariDataSource       : HikariPool-1 - Shutdown completed.
